<?xml version="1.0" encoding="UTF-8"?>
<testng-results skipped="0" failed="2" ignored="0" total="9" passed="7">
  <reporter-output>
  </reporter-output>
  <suite name="Rahulshetty Academy Automation" duration-ms="123073" started-at="2022-02-09T18:53:35 EST" finished-at="2022-02-09T18:55:38 EST">
    <groups>
    </groups>
    <test name="Rahulshetty test" duration-ms="123073" started-at="2022-02-09T18:53:35 EST" finished-at="2022-02-09T18:55:38 EST">
      <class name="us.piit.AppTest">
        <test-method status="PASS" signature="beforeTest()[pri:0, instance:us.piit.AppTest@2b2948e2]" name="beforeTest" is-config="true" duration-ms="10079" started-at="2022-02-09T18:53:35 EST" finished-at="2022-02-09T18:53:45 EST">
          <reporter-output>
          </reporter-output>
        </test-method> <!-- beforeTest -->
        <test-method status="PASS" signature="checkbox()[pri:0, instance:us.piit.AppTest@2b2948e2]" name="checkbox" duration-ms="166" started-at="2022-02-09T18:53:45 EST" finished-at="2022-02-09T18:53:45 EST">
          <reporter-output>
          </reporter-output>
        </test-method> <!-- checkbox -->
        <test-method status="PASS" signature="afterMethod()[pri:0, instance:us.piit.AppTest@2b2948e2]" name="afterMethod" is-config="true" duration-ms="611" started-at="2022-02-09T18:53:45 EST" finished-at="2022-02-09T18:53:46 EST">
          <reporter-output>
          </reporter-output>
        </test-method> <!-- afterMethod -->
        <test-method status="PASS" signature="beforeTest()[pri:0, instance:us.piit.AppTest@2b2948e2]" name="beforeTest" is-config="true" duration-ms="8970" started-at="2022-02-09T18:53:46 EST" finished-at="2022-02-09T18:53:55 EST">
          <reporter-output>
          </reporter-output>
        </test-method> <!-- beforeTest -->
        <test-method status="PASS" signature="handleNewWindow()[pri:0, instance:us.piit.AppTest@2b2948e2]" name="handleNewWindow" duration-ms="9062" started-at="2022-02-09T18:53:55 EST" finished-at="2022-02-09T18:54:04 EST">
          <reporter-output>
          </reporter-output>
        </test-method> <!-- handleNewWindow -->
        <test-method status="PASS" signature="afterMethod()[pri:0, instance:us.piit.AppTest@2b2948e2]" name="afterMethod" is-config="true" duration-ms="654" started-at="2022-02-09T18:54:04 EST" finished-at="2022-02-09T18:54:05 EST">
          <reporter-output>
          </reporter-output>
        </test-method> <!-- afterMethod -->
        <test-method status="PASS" signature="beforeTest()[pri:0, instance:us.piit.AppTest@2b2948e2]" name="beforeTest" is-config="true" duration-ms="8285" started-at="2022-02-09T18:54:05 EST" finished-at="2022-02-09T18:54:13 EST">
          <reporter-output>
          </reporter-output>
        </test-method> <!-- beforeTest -->
        <test-method status="PASS" signature="radioButton()[pri:0, instance:us.piit.AppTest@2b2948e2]" name="radioButton" duration-ms="109" started-at="2022-02-09T18:54:13 EST" finished-at="2022-02-09T18:54:13 EST">
          <reporter-output>
          </reporter-output>
        </test-method> <!-- radioButton -->
        <test-method status="PASS" signature="afterMethod()[pri:0, instance:us.piit.AppTest@2b2948e2]" name="afterMethod" is-config="true" duration-ms="624" started-at="2022-02-09T18:54:13 EST" finished-at="2022-02-09T18:54:14 EST">
          <reporter-output>
          </reporter-output>
        </test-method> <!-- afterMethod -->
        <test-method status="PASS" signature="beforeTest()[pri:0, instance:us.piit.AppTest@2b2948e2]" name="beforeTest" is-config="true" duration-ms="8648" started-at="2022-02-09T18:54:14 EST" finished-at="2022-02-09T18:54:22 EST">
          <reporter-output>
          </reporter-output>
        </test-method> <!-- beforeTest -->
        <test-method status="PASS" signature="staticDropdown()[pri:0, instance:us.piit.AppTest@2b2948e2]" name="staticDropdown" duration-ms="71" started-at="2022-02-09T18:54:22 EST" finished-at="2022-02-09T18:54:22 EST">
          <reporter-output>
          </reporter-output>
        </test-method> <!-- staticDropdown -->
        <test-method status="PASS" signature="afterMethod()[pri:0, instance:us.piit.AppTest@2b2948e2]" name="afterMethod" is-config="true" duration-ms="629" started-at="2022-02-09T18:54:22 EST" finished-at="2022-02-09T18:54:23 EST">
          <reporter-output>
          </reporter-output>
        </test-method> <!-- afterMethod -->
        <test-method status="PASS" signature="beforeTest()[pri:0, instance:us.piit.AppTest@2b2948e2]" name="beforeTest" is-config="true" duration-ms="8990" started-at="2022-02-09T18:54:23 EST" finished-at="2022-02-09T18:54:32 EST">
          <reporter-output>
          </reporter-output>
        </test-method> <!-- beforeTest -->
        <test-method status="PASS" signature="suggest()[pri:0, instance:us.piit.AppTest@2b2948e2]" name="suggest" duration-ms="0" started-at="2022-02-09T18:54:32 EST" finished-at="2022-02-09T18:54:32 EST">
          <reporter-output>
          </reporter-output>
        </test-method> <!-- suggest -->
        <test-method status="PASS" signature="afterMethod()[pri:0, instance:us.piit.AppTest@2b2948e2]" name="afterMethod" is-config="true" duration-ms="620" started-at="2022-02-09T18:54:32 EST" finished-at="2022-02-09T18:54:33 EST">
          <reporter-output>
          </reporter-output>
        </test-method> <!-- afterMethod -->
        <test-method status="PASS" signature="beforeTest()[pri:0, instance:us.piit.AppTest@2b2948e2]" name="beforeTest" is-config="true" duration-ms="8856" started-at="2022-02-09T18:54:33 EST" finished-at="2022-02-09T18:54:41 EST">
          <reporter-output>
          </reporter-output>
        </test-method> <!-- beforeTest -->
        <test-method status="PASS" signature="suggestionDropdown()[pri:0, instance:us.piit.AppTest@2b2948e2]" name="suggestionDropdown" duration-ms="417" started-at="2022-02-09T18:54:41 EST" finished-at="2022-02-09T18:54:42 EST">
          <reporter-output>
          </reporter-output>
        </test-method> <!-- suggestionDropdown -->
        <test-method status="PASS" signature="afterMethod()[pri:0, instance:us.piit.AppTest@2b2948e2]" name="afterMethod" is-config="true" duration-ms="613" started-at="2022-02-09T18:54:42 EST" finished-at="2022-02-09T18:54:42 EST">
          <reporter-output>
          </reporter-output>
        </test-method> <!-- afterMethod -->
        <test-method status="PASS" signature="beforeTest()[pri:0, instance:us.piit.AppTest@2b2948e2]" name="beforeTest" is-config="true" duration-ms="8087" started-at="2022-02-09T18:54:42 EST" finished-at="2022-02-09T18:54:51 EST">
          <reporter-output>
          </reporter-output>
        </test-method> <!-- beforeTest -->
        <test-method status="FAIL" signature="test7()[pri:0, instance:us.piit.AppTest@2b2948e2]" name="test7" duration-ms="32" started-at="2022-02-09T18:54:51 EST" finished-at="2022-02-09T18:54:51 EST">
          <exception class="org.openqa.selenium.NoSuchFrameException">
            <message>
              <![CDATA[no such frame: element is not a frame
  (Session info: chrome=98.0.4758.82)
Build info: version: '4.1.1', revision: 'e8fcc2cecf'
System info: host: 'DESKTOP-AODVM4D', ip: '192.168.1.11', os.name: 'Windows 10', os.arch: 'amd64', os.version: '10.0', java.version: '1.8.0_301'
Driver info: org.openqa.selenium.chrome.ChromeDriver
Command: [638a268a4114f6db0cb1d9f61087ba59, switchToFrame {id={ELEMENT=58f4fa46-9bf9-42bb-bb8c-17e0bd10019e, element-6066-11e4-a52e-4f735466cecf=58f4fa46-9bf9-42bb-bb8c-17e0bd10019e}}]
Capabilities {acceptInsecureCerts: false, browserName: chrome, browserVersion: 98.0.4758.82, chrome: {chromedriverVersion: 97.0.4692.71 (adefa7837d02a..., userDataDir: C:\Users\ashle\AppData\Loca...}, goog:chromeOptions: {debuggerAddress: localhost:57319}, javascriptEnabled: true, networkConnectionEnabled: false, pageLoadStrategy: normal, platform: WINDOWS, platformName: WINDOWS, proxy: Proxy(), se:cdp: ws://localhost:57319/devtoo..., se:cdpVersion: 98.0.4758.82, setWindowRect: true, strictFileInteractability: false, timeouts: {implicit: 0, pageLoad: 300000, script: 30000}, unhandledPromptBehavior: dismiss and notify, webauthn:extension:credBlob: true, webauthn:extension:largeBlob: true, webauthn:virtualAuthenticators: true}
Session ID: 638a268a4114f6db0cb1d9f61087ba59]]>
            </message>
            <full-stacktrace>
              <![CDATA[org.openqa.selenium.NoSuchFrameException: no such frame: element is not a frame
  (Session info: chrome=98.0.4758.82)
Build info: version: '4.1.1', revision: 'e8fcc2cecf'
System info: host: 'DESKTOP-AODVM4D', ip: '192.168.1.11', os.name: 'Windows 10', os.arch: 'amd64', os.version: '10.0', java.version: '1.8.0_301'
Driver info: org.openqa.selenium.chrome.ChromeDriver
Command: [638a268a4114f6db0cb1d9f61087ba59, switchToFrame {id={ELEMENT=58f4fa46-9bf9-42bb-bb8c-17e0bd10019e, element-6066-11e4-a52e-4f735466cecf=58f4fa46-9bf9-42bb-bb8c-17e0bd10019e}}]
Capabilities {acceptInsecureCerts: false, browserName: chrome, browserVersion: 98.0.4758.82, chrome: {chromedriverVersion: 97.0.4692.71 (adefa7837d02a..., userDataDir: C:\Users\ashle\AppData\Loca...}, goog:chromeOptions: {debuggerAddress: localhost:57319}, javascriptEnabled: true, networkConnectionEnabled: false, pageLoadStrategy: normal, platform: WINDOWS, platformName: WINDOWS, proxy: Proxy(), se:cdp: ws://localhost:57319/devtoo..., se:cdpVersion: 98.0.4758.82, setWindowRect: true, strictFileInteractability: false, timeouts: {implicit: 0, pageLoad: 300000, script: 30000}, unhandledPromptBehavior: dismiss and notify, webauthn:extension:credBlob: true, webauthn:extension:largeBlob: true, webauthn:virtualAuthenticators: true}
Session ID: 638a268a4114f6db0cb1d9f61087ba59
at sun.reflect.NativeConstructorAccessorImpl.newInstance0(Native Method)
at sun.reflect.NativeConstructorAccessorImpl.newInstance(NativeConstructorAccessorImpl.java:62)
at sun.reflect.DelegatingConstructorAccessorImpl.newInstance(DelegatingConstructorAccessorImpl.java:45)
at java.lang.reflect.Constructor.newInstance(Constructor.java:423)
at org.openqa.selenium.remote.codec.w3c.W3CHttpResponseCodec.createException(W3CHttpResponseCodec.java:200)
at org.openqa.selenium.remote.codec.w3c.W3CHttpResponseCodec.decode(W3CHttpResponseCodec.java:133)
at org.openqa.selenium.remote.codec.w3c.W3CHttpResponseCodec.decode(W3CHttpResponseCodec.java:53)
at org.openqa.selenium.remote.HttpCommandExecutor.execute(HttpCommandExecutor.java:184)
at org.openqa.selenium.remote.service.DriverCommandExecutor.invokeExecute(DriverCommandExecutor.java:167)
at org.openqa.selenium.remote.service.DriverCommandExecutor.execute(DriverCommandExecutor.java:142)
at org.openqa.selenium.remote.RemoteWebDriver.execute(RemoteWebDriver.java:543)
at org.openqa.selenium.remote.RemoteWebDriver$RemoteTargetLocator.frame(RemoteWebDriver.java:1038)
at us.piit.AppTest.test7(AppTest.java:241)
at sun.reflect.NativeMethodAccessorImpl.invoke0(Native Method)
at sun.reflect.NativeMethodAccessorImpl.invoke(NativeMethodAccessorImpl.java:62)
at sun.reflect.DelegatingMethodAccessorImpl.invoke(DelegatingMethodAccessorImpl.java:43)
at java.lang.reflect.Method.invoke(Method.java:498)
at org.testng.internal.invokers.MethodInvocationHelper.invokeMethod(MethodInvocationHelper.java:135)
at org.testng.internal.invokers.TestInvoker.invokeMethod(TestInvoker.java:673)
at org.testng.internal.invokers.TestInvoker.invokeTestMethod(TestInvoker.java:220)
at org.testng.internal.invokers.MethodRunner.runInSequence(MethodRunner.java:50)
at org.testng.internal.invokers.TestInvoker$MethodInvocationAgent.invoke(TestInvoker.java:945)
at org.testng.internal.invokers.TestInvoker.invokeTestMethods(TestInvoker.java:193)
at org.testng.internal.invokers.TestMethodWorker.invokeTestMethods(TestMethodWorker.java:146)
at org.testng.internal.invokers.TestMethodWorker.run(TestMethodWorker.java:128)
at java.util.ArrayList.forEach(ArrayList.java:1259)
at org.testng.TestRunner.privateRun(TestRunner.java:808)
at org.testng.TestRunner.run(TestRunner.java:603)
at org.testng.SuiteRunner.runTest(SuiteRunner.java:429)
at org.testng.SuiteRunner.runSequentially(SuiteRunner.java:423)
at org.testng.SuiteRunner.privateRun(SuiteRunner.java:383)
at org.testng.SuiteRunner.run(SuiteRunner.java:326)
at org.testng.SuiteRunnerWorker.runSuite(SuiteRunnerWorker.java:52)
at org.testng.SuiteRunnerWorker.run(SuiteRunnerWorker.java:95)
at org.testng.TestNG.runSuitesSequentially(TestNG.java:1249)
at org.testng.TestNG.runSuitesLocally(TestNG.java:1169)
at org.testng.TestNG.runSuites(TestNG.java:1092)
at org.testng.TestNG.run(TestNG.java:1060)
at com.intellij.rt.testng.IDEARemoteTestNG.run(IDEARemoteTestNG.java:66)
at com.intellij.rt.testng.RemoteTestNGStarter.main(RemoteTestNGStarter.java:109)
]]>
            </full-stacktrace>
          </exception> <!-- org.openqa.selenium.NoSuchFrameException -->
          <reporter-output>
          </reporter-output>
        </test-method> <!-- test7 -->
        <test-method status="PASS" signature="afterMethod()[pri:0, instance:us.piit.AppTest@2b2948e2]" name="afterMethod" is-config="true" duration-ms="626" started-at="2022-02-09T18:54:51 EST" finished-at="2022-02-09T18:54:51 EST">
          <reporter-output>
          </reporter-output>
        </test-method> <!-- afterMethod -->
        <test-method status="PASS" signature="beforeTest()[pri:0, instance:us.piit.AppTest@2b2948e2]" name="beforeTest" is-config="true" duration-ms="7840" started-at="2022-02-09T18:54:51 EST" finished-at="2022-02-09T18:54:59 EST">
          <reporter-output>
          </reporter-output>
        </test-method> <!-- beforeTest -->
        <test-method status="FAIL" signature="test8()[pri:0, instance:us.piit.AppTest@2b2948e2]" name="test8" duration-ms="30013" started-at="2022-02-09T18:54:59 EST" finished-at="2022-02-09T18:55:29 EST">
          <exception class="org.openqa.selenium.ScriptTimeoutException">
            <message>
              <![CDATA[script timeout
  (Session info: chrome=98.0.4758.82)
Build info: version: '4.1.1', revision: 'e8fcc2cecf'
System info: host: 'DESKTOP-AODVM4D', ip: '192.168.1.11', os.name: 'Windows 10', os.arch: 'amd64', os.version: '10.0', java.version: '1.8.0_301'
Driver info: org.openqa.selenium.chrome.ChromeDriver
Command: [a2579b6242f1745388493b0e24d51c54, executeAsyncScript {script=window.scrollBy(0,600), args=[]}]
Capabilities {acceptInsecureCerts: false, browserName: chrome, browserVersion: 98.0.4758.82, chrome: {chromedriverVersion: 97.0.4692.71 (adefa7837d02a..., userDataDir: C:\Users\ashle\AppData\Loca...}, goog:chromeOptions: {debuggerAddress: localhost:57362}, javascriptEnabled: true, networkConnectionEnabled: false, pageLoadStrategy: normal, platform: WINDOWS, platformName: WINDOWS, proxy: Proxy(), se:cdp: ws://localhost:57362/devtoo..., se:cdpVersion: 98.0.4758.82, setWindowRect: true, strictFileInteractability: false, timeouts: {implicit: 0, pageLoad: 300000, script: 30000}, unhandledPromptBehavior: dismiss and notify, webauthn:extension:credBlob: true, webauthn:extension:largeBlob: true, webauthn:virtualAuthenticators: true}
Session ID: a2579b6242f1745388493b0e24d51c54]]>
            </message>
            <full-stacktrace>
              <![CDATA[org.openqa.selenium.ScriptTimeoutException: script timeout
  (Session info: chrome=98.0.4758.82)
Build info: version: '4.1.1', revision: 'e8fcc2cecf'
System info: host: 'DESKTOP-AODVM4D', ip: '192.168.1.11', os.name: 'Windows 10', os.arch: 'amd64', os.version: '10.0', java.version: '1.8.0_301'
Driver info: org.openqa.selenium.chrome.ChromeDriver
Command: [a2579b6242f1745388493b0e24d51c54, executeAsyncScript {script=window.scrollBy(0,600), args=[]}]
Capabilities {acceptInsecureCerts: false, browserName: chrome, browserVersion: 98.0.4758.82, chrome: {chromedriverVersion: 97.0.4692.71 (adefa7837d02a..., userDataDir: C:\Users\ashle\AppData\Loca...}, goog:chromeOptions: {debuggerAddress: localhost:57362}, javascriptEnabled: true, networkConnectionEnabled: false, pageLoadStrategy: normal, platform: WINDOWS, platformName: WINDOWS, proxy: Proxy(), se:cdp: ws://localhost:57362/devtoo..., se:cdpVersion: 98.0.4758.82, setWindowRect: true, strictFileInteractability: false, timeouts: {implicit: 0, pageLoad: 300000, script: 30000}, unhandledPromptBehavior: dismiss and notify, webauthn:extension:credBlob: true, webauthn:extension:largeBlob: true, webauthn:virtualAuthenticators: true}
Session ID: a2579b6242f1745388493b0e24d51c54
at sun.reflect.NativeConstructorAccessorImpl.newInstance0(Native Method)
at sun.reflect.NativeConstructorAccessorImpl.newInstance(NativeConstructorAccessorImpl.java:62)
at sun.reflect.DelegatingConstructorAccessorImpl.newInstance(DelegatingConstructorAccessorImpl.java:45)
at java.lang.reflect.Constructor.newInstance(Constructor.java:423)
at org.openqa.selenium.remote.codec.w3c.W3CHttpResponseCodec.createException(W3CHttpResponseCodec.java:200)
at org.openqa.selenium.remote.codec.w3c.W3CHttpResponseCodec.decode(W3CHttpResponseCodec.java:133)
at org.openqa.selenium.remote.codec.w3c.W3CHttpResponseCodec.decode(W3CHttpResponseCodec.java:53)
at org.openqa.selenium.remote.HttpCommandExecutor.execute(HttpCommandExecutor.java:184)
at org.openqa.selenium.remote.service.DriverCommandExecutor.invokeExecute(DriverCommandExecutor.java:167)
at org.openqa.selenium.remote.service.DriverCommandExecutor.execute(DriverCommandExecutor.java:142)
at org.openqa.selenium.remote.RemoteWebDriver.execute(RemoteWebDriver.java:543)
at org.openqa.selenium.remote.RemoteWebDriver.executeAsyncScript(RemoteWebDriver.java:493)
at us.piit.AppTest.test8(AppTest.java:261)
at sun.reflect.NativeMethodAccessorImpl.invoke0(Native Method)
at sun.reflect.NativeMethodAccessorImpl.invoke(NativeMethodAccessorImpl.java:62)
at sun.reflect.DelegatingMethodAccessorImpl.invoke(DelegatingMethodAccessorImpl.java:43)
at java.lang.reflect.Method.invoke(Method.java:498)
at org.testng.internal.invokers.MethodInvocationHelper.invokeMethod(MethodInvocationHelper.java:135)
at org.testng.internal.invokers.TestInvoker.invokeMethod(TestInvoker.java:673)
at org.testng.internal.invokers.TestInvoker.invokeTestMethod(TestInvoker.java:220)
at org.testng.internal.invokers.MethodRunner.runInSequence(MethodRunner.java:50)
at org.testng.internal.invokers.TestInvoker$MethodInvocationAgent.invoke(TestInvoker.java:945)
at org.testng.internal.invokers.TestInvoker.invokeTestMethods(TestInvoker.java:193)
at org.testng.internal.invokers.TestMethodWorker.invokeTestMethods(TestMethodWorker.java:146)
at org.testng.internal.invokers.TestMethodWorker.run(TestMethodWorker.java:128)
at java.util.ArrayList.forEach(ArrayList.java:1259)
at org.testng.TestRunner.privateRun(TestRunner.java:808)
at org.testng.TestRunner.run(TestRunner.java:603)
at org.testng.SuiteRunner.runTest(SuiteRunner.java:429)
at org.testng.SuiteRunner.runSequentially(SuiteRunner.java:423)
at org.testng.SuiteRunner.privateRun(SuiteRunner.java:383)
at org.testng.SuiteRunner.run(SuiteRunner.java:326)
at org.testng.SuiteRunnerWorker.runSuite(SuiteRunnerWorker.java:52)
at org.testng.SuiteRunnerWorker.run(SuiteRunnerWorker.java:95)
at org.testng.TestNG.runSuitesSequentially(TestNG.java:1249)
at org.testng.TestNG.runSuitesLocally(TestNG.java:1169)
at org.testng.TestNG.runSuites(TestNG.java:1092)
at org.testng.TestNG.run(TestNG.java:1060)
at com.intellij.rt.testng.IDEARemoteTestNG.run(IDEARemoteTestNG.java:66)
at com.intellij.rt.testng.RemoteTestNGStarter.main(RemoteTestNGStarter.java:109)
]]>
            </full-stacktrace>
          </exception> <!-- org.openqa.selenium.ScriptTimeoutException -->
          <reporter-output>
          </reporter-output>
        </test-method> <!-- test8 -->
        <test-method status="PASS" signature="afterMethod()[pri:0, instance:us.piit.AppTest@2b2948e2]" name="afterMethod" is-config="true" duration-ms="627" started-at="2022-02-09T18:55:29 EST" finished-at="2022-02-09T18:55:30 EST">
          <reporter-output>
          </reporter-output>
        </test-method> <!-- afterMethod -->
        <test-method status="PASS" signature="beforeTest()[pri:0, instance:us.piit.AppTest@2b2948e2]" name="beforeTest" is-config="true" duration-ms="7760" started-at="2022-02-09T18:55:30 EST" finished-at="2022-02-09T18:55:37 EST">
          <reporter-output>
          </reporter-output>
        </test-method> <!-- beforeTest -->
        <test-method status="PASS" signature="textManipulation()[pri:0, instance:us.piit.AppTest@2b2948e2]" name="textManipulation" duration-ms="1" started-at="2022-02-09T18:55:37 EST" finished-at="2022-02-09T18:55:37 EST">
          <reporter-output>
          </reporter-output>
        </test-method> <!-- textManipulation -->
        <test-method status="PASS" signature="afterMethod()[pri:0, instance:us.piit.AppTest@2b2948e2]" name="afterMethod" is-config="true" duration-ms="626" started-at="2022-02-09T18:55:37 EST" finished-at="2022-02-09T18:55:38 EST">
          <reporter-output>
          </reporter-output>
        </test-method> <!-- afterMethod -->
      </class> <!-- us.piit.AppTest -->
    </test> <!-- Rahulshetty test -->
  </suite> <!-- Rahulshetty Academy Automation -->
</testng-results>
